<?xml version="1.0" encoding="UTF-8"?>
<!-- Generated by org.testng.reporters.JUnitXMLReporter -->
<testsuite ignored="3" hostname="JunWoos-MacBook-Pro.local" failures="0" tests="50" name="Default test" time="334.012" errors="0" timestamp="2023-11-08T20:54:24 MYT">
  <testcase classname="Amazon.test.AgentProductTest" name="SectionSetUpParallel" time="0.002">
    <skipped/>
  </testcase> <!-- SectionSetUpParallel -->
  <testcase classname="Amazon.test.AgentProductTest" name="ProductSettingGroupUpdate_Parallel" time="0.0">
    <skipped/>
  </testcase> <!-- ProductSettingGroupUpdate_Parallel -->
  <testcase classname="Amazon.test.AgentProductTest" name="ProceedToReseller" time="0.0">
    <skipped/>
  </testcase> <!-- ProceedToReseller -->
  <testcase classname="Amazon.test.AgentProductTest" name="ProductSettingGroupUpdate_Reseller" time="0.001">
    <skipped/>
  </testcase> <!-- ProductSettingGroupUpdate_Reseller -->
  <testcase classname="Amazon.test.AgentProductTest" name="ProceedToOperator" time="24.149"/>
  <testcase classname="Amazon.test.AgentProductTest" name="ProductSettingSingleUpdate_Operator" time="2.594"/>
  <testcase classname="Amazon.test.AgentProductTest" name="ProductSettingSingleUpdate_Operator" time="2.525"/>
  <testcase classname="Amazon.test.AgentProductTest" name="ProductSettingSingleUpdate_Operator" time="2.429"/>
  <testcase classname="Amazon.test.AgentProductTest" name="ProductSettingSingleUpdate_Operator" time="2.511"/>
  <testcase classname="Amazon.test.AgentProductTest" name="ProductSettingSingleUpdate_Operator" time="2.461"/>
  <testcase classname="Amazon.test.AgentProductTest" name="ProductSettingSingleUpdate_Operator" time="2.591"/>
  <testcase classname="Amazon.test.AgentProductTest" name="ProductSettingSingleUpdate_Operator" time="2.589"/>
  <testcase classname="Amazon.test.AgentProductTest" name="ProductSettingSingleUpdate_Operator" time="2.661"/>
  <testcase classname="Amazon.test.AgentProductTest" name="ProductSettingSingleUpdate_Operator" time="2.926"/>
  <testcase classname="Amazon.test.AgentProductTest" name="ProductSettingSingleUpdate_Operator" time="9.963"/>
  <testcase classname="Amazon.test.AgentProductTest" name="ProductSettingSingleUpdate_Operator" time="2.855"/>
  <testcase classname="Amazon.test.AgentProductTest" name="ProductSettingSingleUpdate_Operator" time="6.064"/>
  <testcase classname="Amazon.test.AgentProductTest" name="ProductSettingSingleUpdate_Operator" time="5.992"/>
  <testcase classname="Amazon.test.AgentProductTest" name="ProductSettingSingleUpdate_Operator" time="6.141"/>
  <testcase classname="Amazon.test.AgentProductTest" name="ProductSettingSingleUpdate_Operator" time="6.135"/>
  <testcase classname="Amazon.test.AgentProductTest" name="ProductSettingSingleUpdate_Operator" time="7.658"/>
  <testcase classname="Amazon.test.AgentProductTest" name="ProductSettingSingleUpdate_Operator" time="6.26"/>
  <testcase classname="Amazon.test.AgentProductTest" name="ProductSettingSingleUpdate_Operator" time="2.429"/>
  <testcase classname="Amazon.test.AgentProductTest" name="ProductSettingSingleUpdate_Operator" time="2.462"/>
  <testcase classname="Amazon.test.AgentProductTest" name="ProductSettingSingleUpdate_Operator" time="2.468"/>
  <testcase classname="Amazon.test.AgentProductTest" name="ProductSettingSingleUpdate_Operator" time="2.724"/>
  <testcase classname="Amazon.test.AgentProductTest" name="ProductSettingSingleUpdate_Operator" time="10.066"/>
  <testcase classname="Amazon.test.AgentProductTest" name="ProductSettingSingleUpdate_Operator" time="2.687"/>
  <testcase classname="Amazon.test.AgentProductTest" name="ProductSettingSingleUpdate_Operator" time="2.801"/>
  <testcase classname="Amazon.test.AgentProductTest" name="ProductSettingSingleUpdate_Operator" time="2.782"/>
  <testcase classname="Amazon.test.AgentProductTest" name="ProductSettingSingleUpdate_Operator" time="2.842"/>
  <testcase classname="Amazon.test.AgentProductTest" name="ProductSettingSingleUpdate_Operator" time="2.926"/>
  <testcase classname="Amazon.test.AgentProductTest" name="ProductSettingSingleUpdate_Operator" time="3.071"/>
  <testcase classname="Amazon.test.AgentProductTest" name="ProductSettingSingleUpdate_Operator" time="6.223"/>
  <testcase classname="Amazon.test.AgentProductTest" name="ProductSettingSingleUpdate_Operator" time="6.283"/>
  <testcase classname="Amazon.test.AgentProductTest" name="ProductSettingSingleUpdate_Operator" time="6.393"/>
  <testcase classname="Amazon.test.AgentProductTest" name="ProductSettingSingleUpdate_Operator" time="6.488"/>
  <testcase classname="Amazon.test.AgentProductTest" name="ProductSettingSingleUpdate_Operator" time="6.526"/>
  <testcase classname="Amazon.test.AgentProductTest" name="ProductSettingSingleUpdate_Operator" time="12.7"/>
  <testcase classname="Amazon.test.AgentProductTest" name="ProductSettingSingleUpdate_Operator" time="6.812"/>
  <testcase classname="Amazon.test.AgentProductTest" name="ProductSettingSingleUpdate_Operator" time="10.098"/>
  <testcase classname="Amazon.test.AgentProductTest" name="ProductSettingSingleUpdate_Operator" time="15.848"/>
  <testcase classname="Amazon.test.AgentProductTest" name="ProductSettingSingleUpdate_Operator" time="10.069"/>
  <testcase classname="Amazon.test.AgentProductTest" name="ProductSettingSingleUpdate_Operator" time="17.057"/>
  <testcase classname="Amazon.test.AgentProductTest" name="ProductSettingSingleUpdate_Operator" time="10.35"/>
  <testcase classname="Amazon.test.AgentProductTest" name="ProductSettingSingleUpdate_Operator" time="10.174"/>
  <testcase classname="Amazon.test.AgentProductTest" name="ProductSettingSingleUpdate_Operator" time="10.335"/>
  <testcase classname="Amazon.test.AgentProductTest" name="ProductSettingSingleUpdate_Operator" time="13.633"/>
  <testcase classname="Amazon.test.AgentProductTest" name="ProductSettingSingleUpdate_Operator" time="6.216"/>
  <testcase classname="Amazon.test.AgentProductTest" name="ProductSettingGroupUpdate_Operator" time="19.203"/>
  <testcase classname="Amazon.test.AgentProductTest" name="ProductSettingGroupCheck_Reseller" time="0.0">
    <ignored/>
  </testcase> <!-- ProductSettingGroupCheck_Reseller -->
  <testcase classname="Amazon.test.AgentProductTest" name="ProductSettingGroupCheck_Parallel" time="0.0">
    <ignored/>
  </testcase> <!-- ProductSettingGroupCheck_Parallel -->
  <testcase classname="Amazon.test.AgentProductTest" name="ProductSettingGroupCheck_Operator" time="0.0">
    <ignored/>
  </testcase> <!-- ProductSettingGroupCheck_Operator -->
</testsuite> <!-- Default test -->
