<?xml version="1.0" encoding="UTF-8"?>
<!-- Generated by org.testng.reporters.JUnitXMLReporter -->
<testsuite ignored="0" hostname="JunWoos-MacBook-Pro.local" failures="0" tests="43" name="Default test" time="646.404" errors="0" timestamp="2023-08-13T18:39:27 MYT">
  <testcase classname="Amazon.test.SlotGameListTest" name="SectionSetUpTestProduct" time="0.547"/>
  <testcase classname="Amazon.test.SlotGameListTest" name="SlotGameListSingleUpdate" time="24.824"/>
  <testcase classname="Amazon.test.SlotGameListTest" name="SlotGameListSingleUpdate" time="19.481"/>
  <testcase classname="Amazon.test.SlotGameListTest" name="SlotGameListSingleUpdate" time="22.192"/>
  <testcase classname="Amazon.test.SlotGameListTest" name="SlotGameListSingleUpdate" time="23.753"/>
  <testcase classname="Amazon.test.SlotGameListTest" name="SlotGameListSingleUpdate" time="21.766"/>
  <testcase classname="Amazon.test.SlotGameListTest" name="SlotGameListSingleUpdate" time="26.853"/>
  <testcase classname="Amazon.test.SlotGameListTest" name="SlotGameListSingleUpdate" time="22.828"/>
  <testcase classname="Amazon.test.SlotGameListTest" name="SlotGameListSingleUpdate" time="25.721"/>
  <testcase classname="Amazon.test.SlotGameListTest" name="SlotGameListSingleUpdate" time="24.689"/>
  <testcase classname="Amazon.test.SlotGameListTest" name="SlotGameListSingleUpdate" time="22.588"/>
  <testcase classname="Amazon.test.SlotGameListTest" name="SlotGameListSingleUpdate" time="26.87"/>
  <testcase classname="Amazon.test.SlotGameListTest" name="SlotGameListSingleUpdate" time="22.99"/>
  <testcase classname="Amazon.test.SlotGameListTest" name="SlotGameListSingleUpdate" time="27.154"/>
  <testcase classname="Amazon.test.SlotGameListTest" name="SlotGameListSingleUpdate" time="23.124"/>
  <testcase classname="Amazon.test.SlotGameListTest" name="SlotGameListSingleUpdate" time="23.758"/>
  <testcase classname="Amazon.test.SlotGameListTest" name="SlotGameListSingleUpdate" time="29.26"/>
  <testcase classname="Amazon.test.SlotGameListTest" name="SlotGameListSingleUpdate" time="25.423"/>
  <testcase classname="Amazon.test.SlotGameListTest" name="SlotGameListSingleUpdate" time="30.643"/>
  <testcase classname="Amazon.test.SlotGameListTest" name="SlotGameListSingleUpdate" time="27.686"/>
  <testcase classname="Amazon.test.SlotGameListTest" name="SlotGameListSingleUpdate" time="31.227"/>
  <testcase classname="Amazon.test.SlotGameListTest" name="SlotGameListSingleUpdate" time="27.55"/>
  <testcase classname="Amazon.test.SlotGameListTest" name="SlotGameListMultipleUpdate" time="3.787"/>
  <testcase classname="Amazon.test.SlotGameListTest" name="SlotGameListMultipleUpdate" time="4.123"/>
  <testcase classname="Amazon.test.SlotGameListTest" name="SlotGameListMultipleUpdate" time="4.196"/>
  <testcase classname="Amazon.test.SlotGameListTest" name="SlotGameListMultipleUpdate" time="9.025"/>
  <testcase classname="Amazon.test.SlotGameListTest" name="SlotGameListMultipleUpdate" time="4.235"/>
  <testcase classname="Amazon.test.SlotGameListTest" name="SlotGameListMultipleUpdate" time="4.182"/>
  <testcase classname="Amazon.test.SlotGameListTest" name="SlotGameListMultipleUpdate" time="4.082"/>
  <testcase classname="Amazon.test.SlotGameListTest" name="SlotGameListMultipleUpdate" time="3.994"/>
  <testcase classname="Amazon.test.SlotGameListTest" name="SlotGameListMultipleUpdate" time="4.114"/>
  <testcase classname="Amazon.test.SlotGameListTest" name="SlotGameListMultipleUpdate" time="3.985"/>
  <testcase classname="Amazon.test.SlotGameListTest" name="SlotGameListMultipleUpdate" time="4.206"/>
  <testcase classname="Amazon.test.SlotGameListTest" name="SlotGameListMultipleUpdate" time="4.159"/>
  <testcase classname="Amazon.test.SlotGameListTest" name="SlotGameListMultipleUpdate" time="4.297"/>
  <testcase classname="Amazon.test.SlotGameListTest" name="SlotGameListMultipleUpdate" time="4.325"/>
  <testcase classname="Amazon.test.SlotGameListTest" name="SlotGameListMultipleUpdate" time="4.2"/>
  <testcase classname="Amazon.test.SlotGameListTest" name="SlotGameListMultipleUpdate" time="4.38"/>
  <testcase classname="Amazon.test.SlotGameListTest" name="SlotGameListMultipleUpdate" time="8.938"/>
  <testcase classname="Amazon.test.SlotGameListTest" name="SlotGameListMultipleUpdate" time="4.468"/>
  <testcase classname="Amazon.test.SlotGameListTest" name="SlotGameListMultipleUpdate" time="4.312"/>
  <testcase classname="Amazon.test.SlotGameListTest" name="SlotGameListMultipleUpdate" time="4.386"/>
  <testcase classname="Amazon.test.SlotGameListTest" name="SlotGameListMultipleUpdate" time="4.459"/>
</testsuite> <!-- Default test -->
