<?xml version="1.0" encoding="UTF-8"?>
<testng-results ignored="0" total="60" passed="60" failed="0" skipped="0">
  <reporter-output>
  </reporter-output>
  <suite started-at="2023-12-25T22:23:29 MYT" name="Default suite" finished-at="2023-12-25T22:25:29 MYT" duration-ms="119760">
    <groups>
    </groups>
    <test started-at="2023-12-25T22:23:29 MYT" name="Default test" finished-at="2023-12-25T22:25:29 MYT" duration-ms="119760">
      <class name="Amazon.test.GlobalProductTest">
        <test-method is-config="true" signature="setUp()[pri:0, instance:Amazon.test.GlobalProductTest@f6efaab]" started-at="2023-12-25T22:23:29 MYT" name="setUp" finished-at="2023-12-25T22:23:46 MYT" duration-ms="16991" status="PASS">
          <reporter-output>
          </reporter-output>
        </test-method> <!-- setUp -->
        <test-method signature="SectionSetUpGlobalProductList(org.testng.ITestContext)[pri:1, instance:Amazon.test.GlobalProductTest@f6efaab]" started-at="2023-12-25T22:23:46 MYT" name="SectionSetUpGlobalProductList" finished-at="2023-12-25T22:23:48 MYT" duration-ms="1795" status="PASS">
          <params>
            <param index="0">
              <value>
                <![CDATA[org.testng.TestRunner@4038cd3a]]>
              </value>
            </param>
          </params>
          <reporter-output>
          </reporter-output>
        </test-method> <!-- SectionSetUpGlobalProductList -->
        <test-method signature="GlobalProductSettingSingleUpdate(java.lang.String,java.lang.String,org.testng.ITestContext)[pri:2, instance:Amazon.test.GlobalProductTest@f6efaab]" started-at="2023-12-25T22:23:48 MYT" name="GlobalProductSettingSingleUpdate" data-provider="RealTimeProductData" finished-at="2023-12-25T22:23:51 MYT" duration-ms="2653" status="PASS">
          <params>
            <param index="0">
              <value>
                <![CDATA[200]]>
              </value>
            </param>
            <param index="1">
              <value>
                <![CDATA[OFF]]>
              </value>
            </param>
            <param index="2">
              <value>
                <![CDATA[org.testng.TestRunner@4038cd3a]]>
              </value>
            </param>
          </params>
          <reporter-output>
          </reporter-output>
        </test-method> <!-- GlobalProductSettingSingleUpdate -->
        <test-method signature="GlobalProductSettingSingleUpdate(java.lang.String,java.lang.String,org.testng.ITestContext)[pri:2, instance:Amazon.test.GlobalProductTest@f6efaab]" started-at="2023-12-25T22:23:51 MYT" name="GlobalProductSettingSingleUpdate" data-provider="RealTimeProductData" finished-at="2023-12-25T22:23:53 MYT" duration-ms="2087" status="PASS">
          <params>
            <param index="0">
              <value>
                <![CDATA[201]]>
              </value>
            </param>
            <param index="1">
              <value>
                <![CDATA[OFF]]>
              </value>
            </param>
            <param index="2">
              <value>
                <![CDATA[org.testng.TestRunner@4038cd3a]]>
              </value>
            </param>
          </params>
          <reporter-output>
          </reporter-output>
        </test-method> <!-- GlobalProductSettingSingleUpdate -->
        <test-method signature="GlobalProductSettingSingleUpdate(java.lang.String,java.lang.String,org.testng.ITestContext)[pri:2, instance:Amazon.test.GlobalProductTest@f6efaab]" started-at="2023-12-25T22:23:53 MYT" name="GlobalProductSettingSingleUpdate" data-provider="RealTimeProductData" finished-at="2023-12-25T22:23:55 MYT" duration-ms="2263" status="PASS">
          <params>
            <param index="0">
              <value>
                <![CDATA[202]]>
              </value>
            </param>
            <param index="1">
              <value>
                <![CDATA[OFF]]>
              </value>
            </param>
            <param index="2">
              <value>
                <![CDATA[org.testng.TestRunner@4038cd3a]]>
              </value>
            </param>
          </params>
          <reporter-output>
          </reporter-output>
        </test-method> <!-- GlobalProductSettingSingleUpdate -->
        <test-method signature="GlobalProductSettingSingleUpdate(java.lang.String,java.lang.String,org.testng.ITestContext)[pri:2, instance:Amazon.test.GlobalProductTest@f6efaab]" started-at="2023-12-25T22:23:55 MYT" name="GlobalProductSettingSingleUpdate" data-provider="RealTimeProductData" finished-at="2023-12-25T22:23:58 MYT" duration-ms="2667" status="PASS">
          <params>
            <param index="0">
              <value>
                <![CDATA[204]]>
              </value>
            </param>
            <param index="1">
              <value>
                <![CDATA[OFF]]>
              </value>
            </param>
            <param index="2">
              <value>
                <![CDATA[org.testng.TestRunner@4038cd3a]]>
              </value>
            </param>
          </params>
          <reporter-output>
          </reporter-output>
        </test-method> <!-- GlobalProductSettingSingleUpdate -->
        <test-method signature="GlobalProductSettingSingleUpdate(java.lang.String,java.lang.String,org.testng.ITestContext)[pri:2, instance:Amazon.test.GlobalProductTest@f6efaab]" started-at="2023-12-25T22:23:58 MYT" name="GlobalProductSettingSingleUpdate" data-provider="RealTimeProductData" finished-at="2023-12-25T22:24:01 MYT" duration-ms="3166" status="PASS">
          <params>
            <param index="0">
              <value>
                <![CDATA[205]]>
              </value>
            </param>
            <param index="1">
              <value>
                <![CDATA[OFF]]>
              </value>
            </param>
            <param index="2">
              <value>
                <![CDATA[org.testng.TestRunner@4038cd3a]]>
              </value>
            </param>
          </params>
          <reporter-output>
          </reporter-output>
        </test-method> <!-- GlobalProductSettingSingleUpdate -->
        <test-method signature="GlobalProductSettingSingleUpdate(java.lang.String,java.lang.String,org.testng.ITestContext)[pri:2, instance:Amazon.test.GlobalProductTest@f6efaab]" started-at="2023-12-25T22:24:01 MYT" name="GlobalProductSettingSingleUpdate" data-provider="RealTimeProductData" finished-at="2023-12-25T22:24:09 MYT" duration-ms="7669" status="PASS">
          <params>
            <param index="0">
              <value>
                <![CDATA[206]]>
              </value>
            </param>
            <param index="1">
              <value>
                <![CDATA[OFF]]>
              </value>
            </param>
            <param index="2">
              <value>
                <![CDATA[org.testng.TestRunner@4038cd3a]]>
              </value>
            </param>
          </params>
          <reporter-output>
          </reporter-output>
        </test-method> <!-- GlobalProductSettingSingleUpdate -->
        <test-method signature="GlobalProductSettingSingleUpdate(java.lang.String,java.lang.String,org.testng.ITestContext)[pri:2, instance:Amazon.test.GlobalProductTest@f6efaab]" started-at="2023-12-25T22:24:09 MYT" name="GlobalProductSettingSingleUpdate" data-provider="RealTimeProductData" finished-at="2023-12-25T22:24:13 MYT" duration-ms="4841" status="PASS">
          <params>
            <param index="0">
              <value>
                <![CDATA[207]]>
              </value>
            </param>
            <param index="1">
              <value>
                <![CDATA[OFF]]>
              </value>
            </param>
            <param index="2">
              <value>
                <![CDATA[org.testng.TestRunner@4038cd3a]]>
              </value>
            </param>
          </params>
          <reporter-output>
          </reporter-output>
        </test-method> <!-- GlobalProductSettingSingleUpdate -->
        <test-method signature="GlobalProductSettingSingleUpdate(java.lang.String,java.lang.String,org.testng.ITestContext)[pri:2, instance:Amazon.test.GlobalProductTest@f6efaab]" started-at="2023-12-25T22:24:13 MYT" name="GlobalProductSettingSingleUpdate" data-provider="RealTimeProductData" finished-at="2023-12-25T22:24:16 MYT" duration-ms="2674" status="PASS">
          <params>
            <param index="0">
              <value>
                <![CDATA[208]]>
              </value>
            </param>
            <param index="1">
              <value>
                <![CDATA[OFF]]>
              </value>
            </param>
            <param index="2">
              <value>
                <![CDATA[org.testng.TestRunner@4038cd3a]]>
              </value>
            </param>
          </params>
          <reporter-output>
          </reporter-output>
        </test-method> <!-- GlobalProductSettingSingleUpdate -->
        <test-method signature="GlobalProductSettingSingleUpdate(java.lang.String,java.lang.String,org.testng.ITestContext)[pri:2, instance:Amazon.test.GlobalProductTest@f6efaab]" started-at="2023-12-25T22:24:16 MYT" name="GlobalProductSettingSingleUpdate" data-provider="RealTimeProductData" finished-at="2023-12-25T22:24:18 MYT" duration-ms="2311" status="PASS">
          <params>
            <param index="0">
              <value>
                <![CDATA[209]]>
              </value>
            </param>
            <param index="1">
              <value>
                <![CDATA[OFF]]>
              </value>
            </param>
            <param index="2">
              <value>
                <![CDATA[org.testng.TestRunner@4038cd3a]]>
              </value>
            </param>
          </params>
          <reporter-output>
          </reporter-output>
        </test-method> <!-- GlobalProductSettingSingleUpdate -->
        <test-method signature="GlobalProductSettingSingleUpdate(java.lang.String,java.lang.String,org.testng.ITestContext)[pri:2, instance:Amazon.test.GlobalProductTest@f6efaab]" started-at="2023-12-25T22:24:18 MYT" name="GlobalProductSettingSingleUpdate" data-provider="RealTimeProductData" finished-at="2023-12-25T22:24:21 MYT" duration-ms="2296" status="PASS">
          <params>
            <param index="0">
              <value>
                <![CDATA[212]]>
              </value>
            </param>
            <param index="1">
              <value>
                <![CDATA[OFF]]>
              </value>
            </param>
            <param index="2">
              <value>
                <![CDATA[org.testng.TestRunner@4038cd3a]]>
              </value>
            </param>
          </params>
          <reporter-output>
          </reporter-output>
        </test-method> <!-- GlobalProductSettingSingleUpdate -->
        <test-method signature="GlobalProductSettingSingleUpdate(java.lang.String,java.lang.String,org.testng.ITestContext)[pri:2, instance:Amazon.test.GlobalProductTest@f6efaab]" started-at="2023-12-25T22:24:21 MYT" name="GlobalProductSettingSingleUpdate" data-provider="RealTimeProductData" finished-at="2023-12-25T22:24:23 MYT" duration-ms="2265" status="PASS">
          <params>
            <param index="0">
              <value>
                <![CDATA[213]]>
              </value>
            </param>
            <param index="1">
              <value>
                <![CDATA[OFF]]>
              </value>
            </param>
            <param index="2">
              <value>
                <![CDATA[org.testng.TestRunner@4038cd3a]]>
              </value>
            </param>
          </params>
          <reporter-output>
          </reporter-output>
        </test-method> <!-- GlobalProductSettingSingleUpdate -->
        <test-method signature="GlobalProductSettingSingleUpdate(java.lang.String,java.lang.String,org.testng.ITestContext)[pri:2, instance:Amazon.test.GlobalProductTest@f6efaab]" started-at="2023-12-25T22:24:23 MYT" name="GlobalProductSettingSingleUpdate" data-provider="RealTimeProductData" finished-at="2023-12-25T22:24:25 MYT" duration-ms="2339" status="PASS">
          <params>
            <param index="0">
              <value>
                <![CDATA[214]]>
              </value>
            </param>
            <param index="1">
              <value>
                <![CDATA[OFF]]>
              </value>
            </param>
            <param index="2">
              <value>
                <![CDATA[org.testng.TestRunner@4038cd3a]]>
              </value>
            </param>
          </params>
          <reporter-output>
          </reporter-output>
        </test-method> <!-- GlobalProductSettingSingleUpdate -->
        <test-method signature="GlobalProductSettingSingleUpdate(java.lang.String,java.lang.String,org.testng.ITestContext)[pri:2, instance:Amazon.test.GlobalProductTest@f6efaab]" started-at="2023-12-25T22:24:25 MYT" name="GlobalProductSettingSingleUpdate" data-provider="RealTimeProductData" finished-at="2023-12-25T22:24:28 MYT" duration-ms="2506" status="PASS">
          <params>
            <param index="0">
              <value>
                <![CDATA[215]]>
              </value>
            </param>
            <param index="1">
              <value>
                <![CDATA[OFF]]>
              </value>
            </param>
            <param index="2">
              <value>
                <![CDATA[org.testng.TestRunner@4038cd3a]]>
              </value>
            </param>
          </params>
          <reporter-output>
          </reporter-output>
        </test-method> <!-- GlobalProductSettingSingleUpdate -->
        <test-method signature="GlobalProductSettingSingleUpdate(java.lang.String,java.lang.String,org.testng.ITestContext)[pri:2, instance:Amazon.test.GlobalProductTest@f6efaab]" started-at="2023-12-25T22:24:28 MYT" name="GlobalProductSettingSingleUpdate" data-provider="RealTimeProductData" finished-at="2023-12-25T22:24:30 MYT" duration-ms="2393" status="PASS">
          <params>
            <param index="0">
              <value>
                <![CDATA[216]]>
              </value>
            </param>
            <param index="1">
              <value>
                <![CDATA[OFF]]>
              </value>
            </param>
            <param index="2">
              <value>
                <![CDATA[org.testng.TestRunner@4038cd3a]]>
              </value>
            </param>
          </params>
          <reporter-output>
          </reporter-output>
        </test-method> <!-- GlobalProductSettingSingleUpdate -->
        <test-method signature="GlobalProductSettingSingleUpdate(java.lang.String,java.lang.String,org.testng.ITestContext)[pri:2, instance:Amazon.test.GlobalProductTest@f6efaab]" started-at="2023-12-25T22:24:30 MYT" name="GlobalProductSettingSingleUpdate" data-provider="RealTimeProductData" finished-at="2023-12-25T22:24:33 MYT" duration-ms="2506" status="PASS">
          <params>
            <param index="0">
              <value>
                <![CDATA[217]]>
              </value>
            </param>
            <param index="1">
              <value>
                <![CDATA[OFF]]>
              </value>
            </param>
            <param index="2">
              <value>
                <![CDATA[org.testng.TestRunner@4038cd3a]]>
              </value>
            </param>
          </params>
          <reporter-output>
          </reporter-output>
        </test-method> <!-- GlobalProductSettingSingleUpdate -->
        <test-method signature="GlobalProductSettingSingleUpdate(java.lang.String,java.lang.String,org.testng.ITestContext)[pri:2, instance:Amazon.test.GlobalProductTest@f6efaab]" started-at="2023-12-25T22:24:33 MYT" name="GlobalProductSettingSingleUpdate" data-provider="RealTimeProductData" finished-at="2023-12-25T22:24:35 MYT" duration-ms="2569" status="PASS">
          <params>
            <param index="0">
              <value>
                <![CDATA[218]]>
              </value>
            </param>
            <param index="1">
              <value>
                <![CDATA[OFF]]>
              </value>
            </param>
            <param index="2">
              <value>
                <![CDATA[org.testng.TestRunner@4038cd3a]]>
              </value>
            </param>
          </params>
          <reporter-output>
          </reporter-output>
        </test-method> <!-- GlobalProductSettingSingleUpdate -->
        <test-method signature="GlobalProductSettingSingleUpdate(java.lang.String,java.lang.String,org.testng.ITestContext)[pri:2, instance:Amazon.test.GlobalProductTest@f6efaab]" started-at="2023-12-25T22:24:35 MYT" name="GlobalProductSettingSingleUpdate" data-provider="RealTimeProductData" finished-at="2023-12-25T22:24:38 MYT" duration-ms="2831" status="PASS">
          <params>
            <param index="0">
              <value>
                <![CDATA[219]]>
              </value>
            </param>
            <param index="1">
              <value>
                <![CDATA[OFF]]>
              </value>
            </param>
            <param index="2">
              <value>
                <![CDATA[org.testng.TestRunner@4038cd3a]]>
              </value>
            </param>
          </params>
          <reporter-output>
          </reporter-output>
        </test-method> <!-- GlobalProductSettingSingleUpdate -->
        <test-method signature="GlobalProductSettingSingleUpdate(java.lang.String,java.lang.String,org.testng.ITestContext)[pri:2, instance:Amazon.test.GlobalProductTest@f6efaab]" started-at="2023-12-25T22:24:38 MYT" name="GlobalProductSettingSingleUpdate" data-provider="RealTimeProductData" finished-at="2023-12-25T22:24:41 MYT" duration-ms="2609" status="PASS">
          <params>
            <param index="0">
              <value>
                <![CDATA[220]]>
              </value>
            </param>
            <param index="1">
              <value>
                <![CDATA[OFF]]>
              </value>
            </param>
            <param index="2">
              <value>
                <![CDATA[org.testng.TestRunner@4038cd3a]]>
              </value>
            </param>
          </params>
          <reporter-output>
          </reporter-output>
        </test-method> <!-- GlobalProductSettingSingleUpdate -->
        <test-method signature="GlobalProductSettingSingleUpdate(java.lang.String,java.lang.String,org.testng.ITestContext)[pri:2, instance:Amazon.test.GlobalProductTest@f6efaab]" started-at="2023-12-25T22:24:41 MYT" name="GlobalProductSettingSingleUpdate" data-provider="RealTimeProductData" finished-at="2023-12-25T22:24:43 MYT" duration-ms="2564" status="PASS">
          <params>
            <param index="0">
              <value>
                <![CDATA[221]]>
              </value>
            </param>
            <param index="1">
              <value>
                <![CDATA[OFF]]>
              </value>
            </param>
            <param index="2">
              <value>
                <![CDATA[org.testng.TestRunner@4038cd3a]]>
              </value>
            </param>
          </params>
          <reporter-output>
          </reporter-output>
        </test-method> <!-- GlobalProductSettingSingleUpdate -->
        <test-method signature="GlobalProductSettingSingleUpdate(java.lang.String,java.lang.String,org.testng.ITestContext)[pri:2, instance:Amazon.test.GlobalProductTest@f6efaab]" started-at="2023-12-25T22:24:43 MYT" name="GlobalProductSettingSingleUpdate" data-provider="RealTimeProductData" finished-at="2023-12-25T22:24:46 MYT" duration-ms="2770" status="PASS">
          <params>
            <param index="0">
              <value>
                <![CDATA[222]]>
              </value>
            </param>
            <param index="1">
              <value>
                <![CDATA[OFF]]>
              </value>
            </param>
            <param index="2">
              <value>
                <![CDATA[org.testng.TestRunner@4038cd3a]]>
              </value>
            </param>
          </params>
          <reporter-output>
          </reporter-output>
        </test-method> <!-- GlobalProductSettingSingleUpdate -->
        <test-method signature="GlobalProductSettingSingleUpdate(java.lang.String,java.lang.String,org.testng.ITestContext)[pri:2, instance:Amazon.test.GlobalProductTest@f6efaab]" started-at="2023-12-25T22:24:46 MYT" name="GlobalProductSettingSingleUpdate" data-provider="RealTimeProductData" finished-at="2023-12-25T22:24:49 MYT" duration-ms="2649" status="PASS">
          <params>
            <param index="0">
              <value>
                <![CDATA[223]]>
              </value>
            </param>
            <param index="1">
              <value>
                <![CDATA[OFF]]>
              </value>
            </param>
            <param index="2">
              <value>
                <![CDATA[org.testng.TestRunner@4038cd3a]]>
              </value>
            </param>
          </params>
          <reporter-output>
          </reporter-output>
        </test-method> <!-- GlobalProductSettingSingleUpdate -->
        <test-method signature="GlobalProductSettingSingleUpdate(java.lang.String,java.lang.String,org.testng.ITestContext)[pri:2, instance:Amazon.test.GlobalProductTest@f6efaab]" started-at="2023-12-25T22:24:49 MYT" name="GlobalProductSettingSingleUpdate" data-provider="RealTimeProductData" finished-at="2023-12-25T22:24:52 MYT" duration-ms="2873" status="PASS">
          <params>
            <param index="0">
              <value>
                <![CDATA[224]]>
              </value>
            </param>
            <param index="1">
              <value>
                <![CDATA[OFF]]>
              </value>
            </param>
            <param index="2">
              <value>
                <![CDATA[org.testng.TestRunner@4038cd3a]]>
              </value>
            </param>
          </params>
          <reporter-output>
          </reporter-output>
        </test-method> <!-- GlobalProductSettingSingleUpdate -->
        <test-method signature="GlobalProductSettingSingleUpdate(java.lang.String,java.lang.String,org.testng.ITestContext)[pri:2, instance:Amazon.test.GlobalProductTest@f6efaab]" started-at="2023-12-25T22:24:52 MYT" name="GlobalProductSettingSingleUpdate" data-provider="RealTimeProductData" finished-at="2023-12-25T22:24:54 MYT" duration-ms="2732" status="PASS">
          <params>
            <param index="0">
              <value>
                <![CDATA[225]]>
              </value>
            </param>
            <param index="1">
              <value>
                <![CDATA[OFF]]>
              </value>
            </param>
            <param index="2">
              <value>
                <![CDATA[org.testng.TestRunner@4038cd3a]]>
              </value>
            </param>
          </params>
          <reporter-output>
          </reporter-output>
        </test-method> <!-- GlobalProductSettingSingleUpdate -->
        <test-method signature="GlobalProductSettingSingleUpdate(java.lang.String,java.lang.String,org.testng.ITestContext)[pri:2, instance:Amazon.test.GlobalProductTest@f6efaab]" started-at="2023-12-25T22:24:54 MYT" name="GlobalProductSettingSingleUpdate" data-provider="RealTimeProductData" finished-at="2023-12-25T22:24:57 MYT" duration-ms="2788" status="PASS">
          <params>
            <param index="0">
              <value>
                <![CDATA[227]]>
              </value>
            </param>
            <param index="1">
              <value>
                <![CDATA[OFF]]>
              </value>
            </param>
            <param index="2">
              <value>
                <![CDATA[org.testng.TestRunner@4038cd3a]]>
              </value>
            </param>
          </params>
          <reporter-output>
          </reporter-output>
        </test-method> <!-- GlobalProductSettingSingleUpdate -->
        <test-method signature="GlobalProductSettingSingleUpdate(java.lang.String,java.lang.String,org.testng.ITestContext)[pri:2, instance:Amazon.test.GlobalProductTest@f6efaab]" started-at="2023-12-25T22:24:57 MYT" name="GlobalProductSettingSingleUpdate" data-provider="RealTimeProductData" finished-at="2023-12-25T22:25:00 MYT" duration-ms="2755" status="PASS">
          <params>
            <param index="0">
              <value>
                <![CDATA[228]]>
              </value>
            </param>
            <param index="1">
              <value>
                <![CDATA[OFF]]>
              </value>
            </param>
            <param index="2">
              <value>
                <![CDATA[org.testng.TestRunner@4038cd3a]]>
              </value>
            </param>
          </params>
          <reporter-output>
          </reporter-output>
        </test-method> <!-- GlobalProductSettingSingleUpdate -->
        <test-method signature="GlobalProductSettingSingleUpdate(java.lang.String,java.lang.String,org.testng.ITestContext)[pri:2, instance:Amazon.test.GlobalProductTest@f6efaab]" started-at="2023-12-25T22:25:00 MYT" name="GlobalProductSettingSingleUpdate" data-provider="RealTimeProductData" finished-at="2023-12-25T22:25:06 MYT" duration-ms="5662" status="PASS">
          <params>
            <param index="0">
              <value>
                <![CDATA[230]]>
              </value>
            </param>
            <param index="1">
              <value>
                <![CDATA[OFF]]>
              </value>
            </param>
            <param index="2">
              <value>
                <![CDATA[org.testng.TestRunner@4038cd3a]]>
              </value>
            </param>
          </params>
          <reporter-output>
          </reporter-output>
        </test-method> <!-- GlobalProductSettingSingleUpdate -->
        <test-method signature="GlobalProductSettingSingleUpdate(java.lang.String,java.lang.String,org.testng.ITestContext)[pri:2, instance:Amazon.test.GlobalProductTest@f6efaab]" started-at="2023-12-25T22:25:06 MYT" name="GlobalProductSettingSingleUpdate" data-provider="RealTimeProductData" finished-at="2023-12-25T22:25:13 MYT" duration-ms="7658" status="PASS">
          <params>
            <param index="0">
              <value>
                <![CDATA[231]]>
              </value>
            </param>
            <param index="1">
              <value>
                <![CDATA[OFF]]>
              </value>
            </param>
            <param index="2">
              <value>
                <![CDATA[org.testng.TestRunner@4038cd3a]]>
              </value>
            </param>
          </params>
          <reporter-output>
          </reporter-output>
        </test-method> <!-- GlobalProductSettingSingleUpdate -->
        <test-method signature="GlobalProductSettingSingleUpdate(java.lang.String,java.lang.String,org.testng.ITestContext)[pri:2, instance:Amazon.test.GlobalProductTest@f6efaab]" started-at="2023-12-25T22:25:13 MYT" name="GlobalProductSettingSingleUpdate" data-provider="RealTimeProductData" finished-at="2023-12-25T22:25:16 MYT" duration-ms="2929" status="PASS">
          <params>
            <param index="0">
              <value>
                <![CDATA[232]]>
              </value>
            </param>
            <param index="1">
              <value>
                <![CDATA[OFF]]>
              </value>
            </param>
            <param index="2">
              <value>
                <![CDATA[org.testng.TestRunner@4038cd3a]]>
              </value>
            </param>
          </params>
          <reporter-output>
          </reporter-output>
        </test-method> <!-- GlobalProductSettingSingleUpdate -->
        <test-method signature="GlobalProductSettingSingleUpdate(java.lang.String,java.lang.String,org.testng.ITestContext)[pri:2, instance:Amazon.test.GlobalProductTest@f6efaab]" started-at="2023-12-25T22:25:16 MYT" name="GlobalProductSettingSingleUpdate" data-provider="RealTimeProductData" finished-at="2023-12-25T22:25:19 MYT" duration-ms="2954" status="PASS">
          <params>
            <param index="0">
              <value>
                <![CDATA[249]]>
              </value>
            </param>
            <param index="1">
              <value>
                <![CDATA[OFF]]>
              </value>
            </param>
            <param index="2">
              <value>
                <![CDATA[org.testng.TestRunner@4038cd3a]]>
              </value>
            </param>
          </params>
          <reporter-output>
          </reporter-output>
        </test-method> <!-- GlobalProductSettingSingleUpdate -->
        <test-method signature="GlobalProductSettingGroupUpdate(org.testng.ITestContext)[pri:3, instance:Amazon.test.GlobalProductTest@f6efaab]" started-at="2023-12-25T22:25:19 MYT" name="GlobalProductSettingGroupUpdate" finished-at="2023-12-25T22:25:21 MYT" duration-ms="1659" status="PASS">
          <params>
            <param index="0">
              <value>
                <![CDATA[org.testng.TestRunner@4038cd3a]]>
              </value>
            </param>
          </params>
          <reporter-output>
          </reporter-output>
        </test-method> <!-- GlobalProductSettingGroupUpdate -->
        <test-method signature="GlobalProductSettingGroupCheck(java.lang.String,java.lang.String,org.testng.ITestContext)[pri:4, instance:Amazon.test.GlobalProductTest@f6efaab]" started-at="2023-12-25T22:25:21 MYT" name="GlobalProductSettingGroupCheck" data-provider="RealTimeProductData" finished-at="2023-12-25T22:25:21 MYT" duration-ms="44" status="PASS">
          <params>
            <param index="0">
              <value>
                <![CDATA[200]]>
              </value>
            </param>
            <param index="1">
              <value>
                <![CDATA[OFF]]>
              </value>
            </param>
            <param index="2">
              <value>
                <![CDATA[org.testng.TestRunner@4038cd3a]]>
              </value>
            </param>
          </params>
          <reporter-output>
          </reporter-output>
        </test-method> <!-- GlobalProductSettingGroupCheck -->
        <test-method signature="GlobalProductSettingGroupCheck(java.lang.String,java.lang.String,org.testng.ITestContext)[pri:4, instance:Amazon.test.GlobalProductTest@f6efaab]" started-at="2023-12-25T22:25:21 MYT" name="GlobalProductSettingGroupCheck" data-provider="RealTimeProductData" finished-at="2023-12-25T22:25:21 MYT" duration-ms="52" status="PASS">
          <params>
            <param index="0">
              <value>
                <![CDATA[201]]>
              </value>
            </param>
            <param index="1">
              <value>
                <![CDATA[OFF]]>
              </value>
            </param>
            <param index="2">
              <value>
                <![CDATA[org.testng.TestRunner@4038cd3a]]>
              </value>
            </param>
          </params>
          <reporter-output>
          </reporter-output>
        </test-method> <!-- GlobalProductSettingGroupCheck -->
        <test-method signature="GlobalProductSettingGroupCheck(java.lang.String,java.lang.String,org.testng.ITestContext)[pri:4, instance:Amazon.test.GlobalProductTest@f6efaab]" started-at="2023-12-25T22:25:21 MYT" name="GlobalProductSettingGroupCheck" data-provider="RealTimeProductData" finished-at="2023-12-25T22:25:21 MYT" duration-ms="67" status="PASS">
          <params>
            <param index="0">
              <value>
                <![CDATA[202]]>
              </value>
            </param>
            <param index="1">
              <value>
                <![CDATA[OFF]]>
              </value>
            </param>
            <param index="2">
              <value>
                <![CDATA[org.testng.TestRunner@4038cd3a]]>
              </value>
            </param>
          </params>
          <reporter-output>
          </reporter-output>
        </test-method> <!-- GlobalProductSettingGroupCheck -->
        <test-method signature="GlobalProductSettingGroupCheck(java.lang.String,java.lang.String,org.testng.ITestContext)[pri:4, instance:Amazon.test.GlobalProductTest@f6efaab]" started-at="2023-12-25T22:25:21 MYT" name="GlobalProductSettingGroupCheck" data-provider="RealTimeProductData" finished-at="2023-12-25T22:25:21 MYT" duration-ms="82" status="PASS">
          <params>
            <param index="0">
              <value>
                <![CDATA[204]]>
              </value>
            </param>
            <param index="1">
              <value>
                <![CDATA[OFF]]>
              </value>
            </param>
            <param index="2">
              <value>
                <![CDATA[org.testng.TestRunner@4038cd3a]]>
              </value>
            </param>
          </params>
          <reporter-output>
          </reporter-output>
        </test-method> <!-- GlobalProductSettingGroupCheck -->
        <test-method signature="GlobalProductSettingGroupCheck(java.lang.String,java.lang.String,org.testng.ITestContext)[pri:4, instance:Amazon.test.GlobalProductTest@f6efaab]" started-at="2023-12-25T22:25:21 MYT" name="GlobalProductSettingGroupCheck" data-provider="RealTimeProductData" finished-at="2023-12-25T22:25:21 MYT" duration-ms="124" status="PASS">
          <params>
            <param index="0">
              <value>
                <![CDATA[205]]>
              </value>
            </param>
            <param index="1">
              <value>
                <![CDATA[OFF]]>
              </value>
            </param>
            <param index="2">
              <value>
                <![CDATA[org.testng.TestRunner@4038cd3a]]>
              </value>
            </param>
          </params>
          <reporter-output>
          </reporter-output>
        </test-method> <!-- GlobalProductSettingGroupCheck -->
        <test-method signature="GlobalProductSettingGroupCheck(java.lang.String,java.lang.String,org.testng.ITestContext)[pri:4, instance:Amazon.test.GlobalProductTest@f6efaab]" started-at="2023-12-25T22:25:21 MYT" name="GlobalProductSettingGroupCheck" data-provider="RealTimeProductData" finished-at="2023-12-25T22:25:21 MYT" duration-ms="132" status="PASS">
          <params>
            <param index="0">
              <value>
                <![CDATA[206]]>
              </value>
            </param>
            <param index="1">
              <value>
                <![CDATA[OFF]]>
              </value>
            </param>
            <param index="2">
              <value>
                <![CDATA[org.testng.TestRunner@4038cd3a]]>
              </value>
            </param>
          </params>
          <reporter-output>
          </reporter-output>
        </test-method> <!-- GlobalProductSettingGroupCheck -->
        <test-method signature="GlobalProductSettingGroupCheck(java.lang.String,java.lang.String,org.testng.ITestContext)[pri:4, instance:Amazon.test.GlobalProductTest@f6efaab]" started-at="2023-12-25T22:25:21 MYT" name="GlobalProductSettingGroupCheck" data-provider="RealTimeProductData" finished-at="2023-12-25T22:25:21 MYT" duration-ms="133" status="PASS">
          <params>
            <param index="0">
              <value>
                <![CDATA[207]]>
              </value>
            </param>
            <param index="1">
              <value>
                <![CDATA[OFF]]>
              </value>
            </param>
            <param index="2">
              <value>
                <![CDATA[org.testng.TestRunner@4038cd3a]]>
              </value>
            </param>
          </params>
          <reporter-output>
          </reporter-output>
        </test-method> <!-- GlobalProductSettingGroupCheck -->
        <test-method signature="GlobalProductSettingGroupCheck(java.lang.String,java.lang.String,org.testng.ITestContext)[pri:4, instance:Amazon.test.GlobalProductTest@f6efaab]" started-at="2023-12-25T22:25:21 MYT" name="GlobalProductSettingGroupCheck" data-provider="RealTimeProductData" finished-at="2023-12-25T22:25:22 MYT" duration-ms="155" status="PASS">
          <params>
            <param index="0">
              <value>
                <![CDATA[208]]>
              </value>
            </param>
            <param index="1">
              <value>
                <![CDATA[OFF]]>
              </value>
            </param>
            <param index="2">
              <value>
                <![CDATA[org.testng.TestRunner@4038cd3a]]>
              </value>
            </param>
          </params>
          <reporter-output>
          </reporter-output>
        </test-method> <!-- GlobalProductSettingGroupCheck -->
        <test-method signature="GlobalProductSettingGroupCheck(java.lang.String,java.lang.String,org.testng.ITestContext)[pri:4, instance:Amazon.test.GlobalProductTest@f6efaab]" started-at="2023-12-25T22:25:22 MYT" name="GlobalProductSettingGroupCheck" data-provider="RealTimeProductData" finished-at="2023-12-25T22:25:22 MYT" duration-ms="176" status="PASS">
          <params>
            <param index="0">
              <value>
                <![CDATA[209]]>
              </value>
            </param>
            <param index="1">
              <value>
                <![CDATA[OFF]]>
              </value>
            </param>
            <param index="2">
              <value>
                <![CDATA[org.testng.TestRunner@4038cd3a]]>
              </value>
            </param>
          </params>
          <reporter-output>
          </reporter-output>
        </test-method> <!-- GlobalProductSettingGroupCheck -->
        <test-method signature="GlobalProductSettingGroupCheck(java.lang.String,java.lang.String,org.testng.ITestContext)[pri:4, instance:Amazon.test.GlobalProductTest@f6efaab]" started-at="2023-12-25T22:25:22 MYT" name="GlobalProductSettingGroupCheck" data-provider="RealTimeProductData" finished-at="2023-12-25T22:25:22 MYT" duration-ms="180" status="PASS">
          <params>
            <param index="0">
              <value>
                <![CDATA[212]]>
              </value>
            </param>
            <param index="1">
              <value>
                <![CDATA[OFF]]>
              </value>
            </param>
            <param index="2">
              <value>
                <![CDATA[org.testng.TestRunner@4038cd3a]]>
              </value>
            </param>
          </params>
          <reporter-output>
          </reporter-output>
        </test-method> <!-- GlobalProductSettingGroupCheck -->
        <test-method signature="GlobalProductSettingGroupCheck(java.lang.String,java.lang.String,org.testng.ITestContext)[pri:4, instance:Amazon.test.GlobalProductTest@f6efaab]" started-at="2023-12-25T22:25:22 MYT" name="GlobalProductSettingGroupCheck" data-provider="RealTimeProductData" finished-at="2023-12-25T22:25:22 MYT" duration-ms="195" status="PASS">
          <params>
            <param index="0">
              <value>
                <![CDATA[213]]>
              </value>
            </param>
            <param index="1">
              <value>
                <![CDATA[OFF]]>
              </value>
            </param>
            <param index="2">
              <value>
                <![CDATA[org.testng.TestRunner@4038cd3a]]>
              </value>
            </param>
          </params>
          <reporter-output>
          </reporter-output>
        </test-method> <!-- GlobalProductSettingGroupCheck -->
        <test-method signature="GlobalProductSettingGroupCheck(java.lang.String,java.lang.String,org.testng.ITestContext)[pri:4, instance:Amazon.test.GlobalProductTest@f6efaab]" started-at="2023-12-25T22:25:22 MYT" name="GlobalProductSettingGroupCheck" data-provider="RealTimeProductData" finished-at="2023-12-25T22:25:22 MYT" duration-ms="215" status="PASS">
          <params>
            <param index="0">
              <value>
                <![CDATA[214]]>
              </value>
            </param>
            <param index="1">
              <value>
                <![CDATA[OFF]]>
              </value>
            </param>
            <param index="2">
              <value>
                <![CDATA[org.testng.TestRunner@4038cd3a]]>
              </value>
            </param>
          </params>
          <reporter-output>
          </reporter-output>
        </test-method> <!-- GlobalProductSettingGroupCheck -->
        <test-method signature="GlobalProductSettingGroupCheck(java.lang.String,java.lang.String,org.testng.ITestContext)[pri:4, instance:Amazon.test.GlobalProductTest@f6efaab]" started-at="2023-12-25T22:25:22 MYT" name="GlobalProductSettingGroupCheck" data-provider="RealTimeProductData" finished-at="2023-12-25T22:25:23 MYT" duration-ms="228" status="PASS">
          <params>
            <param index="0">
              <value>
                <![CDATA[215]]>
              </value>
            </param>
            <param index="1">
              <value>
                <![CDATA[OFF]]>
              </value>
            </param>
            <param index="2">
              <value>
                <![CDATA[org.testng.TestRunner@4038cd3a]]>
              </value>
            </param>
          </params>
          <reporter-output>
          </reporter-output>
        </test-method> <!-- GlobalProductSettingGroupCheck -->
        <test-method signature="GlobalProductSettingGroupCheck(java.lang.String,java.lang.String,org.testng.ITestContext)[pri:4, instance:Amazon.test.GlobalProductTest@f6efaab]" started-at="2023-12-25T22:25:23 MYT" name="GlobalProductSettingGroupCheck" data-provider="RealTimeProductData" finished-at="2023-12-25T22:25:23 MYT" duration-ms="365" status="PASS">
          <params>
            <param index="0">
              <value>
                <![CDATA[216]]>
              </value>
            </param>
            <param index="1">
              <value>
                <![CDATA[OFF]]>
              </value>
            </param>
            <param index="2">
              <value>
                <![CDATA[org.testng.TestRunner@4038cd3a]]>
              </value>
            </param>
          </params>
          <reporter-output>
          </reporter-output>
        </test-method> <!-- GlobalProductSettingGroupCheck -->
        <test-method signature="GlobalProductSettingGroupCheck(java.lang.String,java.lang.String,org.testng.ITestContext)[pri:4, instance:Amazon.test.GlobalProductTest@f6efaab]" started-at="2023-12-25T22:25:23 MYT" name="GlobalProductSettingGroupCheck" data-provider="RealTimeProductData" finished-at="2023-12-25T22:25:23 MYT" duration-ms="414" status="PASS">
          <params>
            <param index="0">
              <value>
                <![CDATA[217]]>
              </value>
            </param>
            <param index="1">
              <value>
                <![CDATA[OFF]]>
              </value>
            </param>
            <param index="2">
              <value>
                <![CDATA[org.testng.TestRunner@4038cd3a]]>
              </value>
            </param>
          </params>
          <reporter-output>
          </reporter-output>
        </test-method> <!-- GlobalProductSettingGroupCheck -->
        <test-method signature="GlobalProductSettingGroupCheck(java.lang.String,java.lang.String,org.testng.ITestContext)[pri:4, instance:Amazon.test.GlobalProductTest@f6efaab]" started-at="2023-12-25T22:25:23 MYT" name="GlobalProductSettingGroupCheck" data-provider="RealTimeProductData" finished-at="2023-12-25T22:25:24 MYT" duration-ms="295" status="PASS">
          <params>
            <param index="0">
              <value>
                <![CDATA[218]]>
              </value>
            </param>
            <param index="1">
              <value>
                <![CDATA[OFF]]>
              </value>
            </param>
            <param index="2">
              <value>
                <![CDATA[org.testng.TestRunner@4038cd3a]]>
              </value>
            </param>
          </params>
          <reporter-output>
          </reporter-output>
        </test-method> <!-- GlobalProductSettingGroupCheck -->
        <test-method signature="GlobalProductSettingGroupCheck(java.lang.String,java.lang.String,org.testng.ITestContext)[pri:4, instance:Amazon.test.GlobalProductTest@f6efaab]" started-at="2023-12-25T22:25:24 MYT" name="GlobalProductSettingGroupCheck" data-provider="RealTimeProductData" finished-at="2023-12-25T22:25:24 MYT" duration-ms="299" status="PASS">
          <params>
            <param index="0">
              <value>
                <![CDATA[219]]>
              </value>
            </param>
            <param index="1">
              <value>
                <![CDATA[OFF]]>
              </value>
            </param>
            <param index="2">
              <value>
                <![CDATA[org.testng.TestRunner@4038cd3a]]>
              </value>
            </param>
          </params>
          <reporter-output>
          </reporter-output>
        </test-method> <!-- GlobalProductSettingGroupCheck -->
        <test-method signature="GlobalProductSettingGroupCheck(java.lang.String,java.lang.String,org.testng.ITestContext)[pri:4, instance:Amazon.test.GlobalProductTest@f6efaab]" started-at="2023-12-25T22:25:24 MYT" name="GlobalProductSettingGroupCheck" data-provider="RealTimeProductData" finished-at="2023-12-25T22:25:24 MYT" duration-ms="320" status="PASS">
          <params>
            <param index="0">
              <value>
                <![CDATA[220]]>
              </value>
            </param>
            <param index="1">
              <value>
                <![CDATA[OFF]]>
              </value>
            </param>
            <param index="2">
              <value>
                <![CDATA[org.testng.TestRunner@4038cd3a]]>
              </value>
            </param>
          </params>
          <reporter-output>
          </reporter-output>
        </test-method> <!-- GlobalProductSettingGroupCheck -->
        <test-method signature="GlobalProductSettingGroupCheck(java.lang.String,java.lang.String,org.testng.ITestContext)[pri:4, instance:Amazon.test.GlobalProductTest@f6efaab]" started-at="2023-12-25T22:25:24 MYT" name="GlobalProductSettingGroupCheck" data-provider="RealTimeProductData" finished-at="2023-12-25T22:25:25 MYT" duration-ms="357" status="PASS">
          <params>
            <param index="0">
              <value>
                <![CDATA[221]]>
              </value>
            </param>
            <param index="1">
              <value>
                <![CDATA[OFF]]>
              </value>
            </param>
            <param index="2">
              <value>
                <![CDATA[org.testng.TestRunner@4038cd3a]]>
              </value>
            </param>
          </params>
          <reporter-output>
          </reporter-output>
        </test-method> <!-- GlobalProductSettingGroupCheck -->
        <test-method signature="GlobalProductSettingGroupCheck(java.lang.String,java.lang.String,org.testng.ITestContext)[pri:4, instance:Amazon.test.GlobalProductTest@f6efaab]" started-at="2023-12-25T22:25:25 MYT" name="GlobalProductSettingGroupCheck" data-provider="RealTimeProductData" finished-at="2023-12-25T22:25:25 MYT" duration-ms="348" status="PASS">
          <params>
            <param index="0">
              <value>
                <![CDATA[222]]>
              </value>
            </param>
            <param index="1">
              <value>
                <![CDATA[OFF]]>
              </value>
            </param>
            <param index="2">
              <value>
                <![CDATA[org.testng.TestRunner@4038cd3a]]>
              </value>
            </param>
          </params>
          <reporter-output>
          </reporter-output>
        </test-method> <!-- GlobalProductSettingGroupCheck -->
        <test-method signature="GlobalProductSettingGroupCheck(java.lang.String,java.lang.String,org.testng.ITestContext)[pri:4, instance:Amazon.test.GlobalProductTest@f6efaab]" started-at="2023-12-25T22:25:25 MYT" name="GlobalProductSettingGroupCheck" data-provider="RealTimeProductData" finished-at="2023-12-25T22:25:25 MYT" duration-ms="365" status="PASS">
          <params>
            <param index="0">
              <value>
                <![CDATA[223]]>
              </value>
            </param>
            <param index="1">
              <value>
                <![CDATA[OFF]]>
              </value>
            </param>
            <param index="2">
              <value>
                <![CDATA[org.testng.TestRunner@4038cd3a]]>
              </value>
            </param>
          </params>
          <reporter-output>
          </reporter-output>
        </test-method> <!-- GlobalProductSettingGroupCheck -->
        <test-method signature="GlobalProductSettingGroupCheck(java.lang.String,java.lang.String,org.testng.ITestContext)[pri:4, instance:Amazon.test.GlobalProductTest@f6efaab]" started-at="2023-12-25T22:25:25 MYT" name="GlobalProductSettingGroupCheck" data-provider="RealTimeProductData" finished-at="2023-12-25T22:25:26 MYT" duration-ms="374" status="PASS">
          <params>
            <param index="0">
              <value>
                <![CDATA[224]]>
              </value>
            </param>
            <param index="1">
              <value>
                <![CDATA[OFF]]>
              </value>
            </param>
            <param index="2">
              <value>
                <![CDATA[org.testng.TestRunner@4038cd3a]]>
              </value>
            </param>
          </params>
          <reporter-output>
          </reporter-output>
        </test-method> <!-- GlobalProductSettingGroupCheck -->
        <test-method signature="GlobalProductSettingGroupCheck(java.lang.String,java.lang.String,org.testng.ITestContext)[pri:4, instance:Amazon.test.GlobalProductTest@f6efaab]" started-at="2023-12-25T22:25:26 MYT" name="GlobalProductSettingGroupCheck" data-provider="RealTimeProductData" finished-at="2023-12-25T22:25:26 MYT" duration-ms="411" status="PASS">
          <params>
            <param index="0">
              <value>
                <![CDATA[225]]>
              </value>
            </param>
            <param index="1">
              <value>
                <![CDATA[OFF]]>
              </value>
            </param>
            <param index="2">
              <value>
                <![CDATA[org.testng.TestRunner@4038cd3a]]>
              </value>
            </param>
          </params>
          <reporter-output>
          </reporter-output>
        </test-method> <!-- GlobalProductSettingGroupCheck -->
        <test-method signature="GlobalProductSettingGroupCheck(java.lang.String,java.lang.String,org.testng.ITestContext)[pri:4, instance:Amazon.test.GlobalProductTest@f6efaab]" started-at="2023-12-25T22:25:26 MYT" name="GlobalProductSettingGroupCheck" data-provider="RealTimeProductData" finished-at="2023-12-25T22:25:26 MYT" duration-ms="416" status="PASS">
          <params>
            <param index="0">
              <value>
                <![CDATA[227]]>
              </value>
            </param>
            <param index="1">
              <value>
                <![CDATA[OFF]]>
              </value>
            </param>
            <param index="2">
              <value>
                <![CDATA[org.testng.TestRunner@4038cd3a]]>
              </value>
            </param>
          </params>
          <reporter-output>
          </reporter-output>
        </test-method> <!-- GlobalProductSettingGroupCheck -->
        <test-method signature="GlobalProductSettingGroupCheck(java.lang.String,java.lang.String,org.testng.ITestContext)[pri:4, instance:Amazon.test.GlobalProductTest@f6efaab]" started-at="2023-12-25T22:25:26 MYT" name="GlobalProductSettingGroupCheck" data-provider="RealTimeProductData" finished-at="2023-12-25T22:25:27 MYT" duration-ms="500" status="PASS">
          <params>
            <param index="0">
              <value>
                <![CDATA[228]]>
              </value>
            </param>
            <param index="1">
              <value>
                <![CDATA[OFF]]>
              </value>
            </param>
            <param index="2">
              <value>
                <![CDATA[org.testng.TestRunner@4038cd3a]]>
              </value>
            </param>
          </params>
          <reporter-output>
          </reporter-output>
        </test-method> <!-- GlobalProductSettingGroupCheck -->
        <test-method signature="GlobalProductSettingGroupCheck(java.lang.String,java.lang.String,org.testng.ITestContext)[pri:4, instance:Amazon.test.GlobalProductTest@f6efaab]" started-at="2023-12-25T22:25:27 MYT" name="GlobalProductSettingGroupCheck" data-provider="RealTimeProductData" finished-at="2023-12-25T22:25:27 MYT" duration-ms="445" status="PASS">
          <params>
            <param index="0">
              <value>
                <![CDATA[230]]>
              </value>
            </param>
            <param index="1">
              <value>
                <![CDATA[OFF]]>
              </value>
            </param>
            <param index="2">
              <value>
                <![CDATA[org.testng.TestRunner@4038cd3a]]>
              </value>
            </param>
          </params>
          <reporter-output>
          </reporter-output>
        </test-method> <!-- GlobalProductSettingGroupCheck -->
        <test-method signature="GlobalProductSettingGroupCheck(java.lang.String,java.lang.String,org.testng.ITestContext)[pri:4, instance:Amazon.test.GlobalProductTest@f6efaab]" started-at="2023-12-25T22:25:27 MYT" name="GlobalProductSettingGroupCheck" data-provider="RealTimeProductData" finished-at="2023-12-25T22:25:28 MYT" duration-ms="451" status="PASS">
          <params>
            <param index="0">
              <value>
                <![CDATA[231]]>
              </value>
            </param>
            <param index="1">
              <value>
                <![CDATA[OFF]]>
              </value>
            </param>
            <param index="2">
              <value>
                <![CDATA[org.testng.TestRunner@4038cd3a]]>
              </value>
            </param>
          </params>
          <reporter-output>
          </reporter-output>
        </test-method> <!-- GlobalProductSettingGroupCheck -->
        <test-method signature="GlobalProductSettingGroupCheck(java.lang.String,java.lang.String,org.testng.ITestContext)[pri:4, instance:Amazon.test.GlobalProductTest@f6efaab]" started-at="2023-12-25T22:25:28 MYT" name="GlobalProductSettingGroupCheck" data-provider="RealTimeProductData" finished-at="2023-12-25T22:25:28 MYT" duration-ms="467" status="PASS">
          <params>
            <param index="0">
              <value>
                <![CDATA[232]]>
              </value>
            </param>
            <param index="1">
              <value>
                <![CDATA[OFF]]>
              </value>
            </param>
            <param index="2">
              <value>
                <![CDATA[org.testng.TestRunner@4038cd3a]]>
              </value>
            </param>
          </params>
          <reporter-output>
          </reporter-output>
        </test-method> <!-- GlobalProductSettingGroupCheck -->
        <test-method signature="GlobalProductSettingGroupCheck(java.lang.String,java.lang.String,org.testng.ITestContext)[pri:4, instance:Amazon.test.GlobalProductTest@f6efaab]" started-at="2023-12-25T22:25:28 MYT" name="GlobalProductSettingGroupCheck" data-provider="RealTimeProductData" finished-at="2023-12-25T22:25:29 MYT" duration-ms="480" status="PASS">
          <params>
            <param index="0">
              <value>
                <![CDATA[249]]>
              </value>
            </param>
            <param index="1">
              <value>
                <![CDATA[OFF]]>
              </value>
            </param>
            <param index="2">
              <value>
                <![CDATA[org.testng.TestRunner@4038cd3a]]>
              </value>
            </param>
          </params>
          <reporter-output>
          </reporter-output>
        </test-method> <!-- GlobalProductSettingGroupCheck -->
        <test-method is-config="true" signature="tearDown()[pri:0, instance:Amazon.test.GlobalProductTest@f6efaab]" started-at="2023-12-25T22:25:29 MYT" name="tearDown" finished-at="2023-12-25T22:25:29 MYT" duration-ms="193" status="PASS">
          <reporter-output>
          </reporter-output>
        </test-method> <!-- tearDown -->
      </class> <!-- Amazon.test.GlobalProductTest -->
    </test> <!-- Default test -->
  </suite> <!-- Default suite -->
</testng-results>
